Determining if the pthread_create exist failed with the following output:
Change Dir: /home/moonblade/workspace/project/interface/ale/CMakeFiles/CMakeTmp

Run Build Command:"/usr/bin/make" "cmTC_58e1d/fast"
/usr/bin/make -f CMakeFiles/cmTC_58e1d.dir/build.make CMakeFiles/cmTC_58e1d.dir/build
make[1]: Entering directory '/home/moonblade/workspace/project/interface/ale/CMakeFiles/CMakeTmp'
Building C object CMakeFiles/cmTC_58e1d.dir/CheckSymbolExists.c.o
/usr/bin/cc     -o CMakeFiles/cmTC_58e1d.dir/CheckSymbolExists.c.o   -c /home/moonblade/workspace/project/interface/ale/CMakeFiles/CMakeTmp/CheckSymbolExists.c
Linking C executable cmTC_58e1d
/usr/bin/cmake -E cmake_link_script CMakeFiles/cmTC_58e1d.dir/link.txt --verbose=1
/usr/bin/cc       CMakeFiles/cmTC_58e1d.dir/CheckSymbolExists.c.o  -o cmTC_58e1d -rdynamic 
CMakeFiles/cmTC_58e1d.dir/CheckSymbolExists.c.o: In function `main':
CheckSymbolExists.c:(.text+0x16): undefined reference to `pthread_create'
collect2: error: ld returned 1 exit status
make[1]: *** [CMakeFiles/cmTC_58e1d.dir/build.make:98: cmTC_58e1d] Error 1
make[1]: Leaving directory '/home/moonblade/workspace/project/interface/ale/CMakeFiles/CMakeTmp'
make: *** [Makefile:126: cmTC_58e1d/fast] Error 2

File /home/moonblade/workspace/project/interface/ale/CMakeFiles/CMakeTmp/CheckSymbolExists.c:
/* */
#include <pthread.h>

int main(int argc, char** argv)
{
  (void)argv;
#ifndef pthread_create
  return ((int*)(&pthread_create))[argc];
#else
  (void)argc;
  return 0;
#endif
}

Determining if the function pthread_create exists in the pthreads failed with the following output:
Change Dir: /home/moonblade/workspace/project/interface/ale/CMakeFiles/CMakeTmp

Run Build Command:"/usr/bin/make" "cmTC_d6f2e/fast"
/usr/bin/make -f CMakeFiles/cmTC_d6f2e.dir/build.make CMakeFiles/cmTC_d6f2e.dir/build
make[1]: Entering directory '/home/moonblade/workspace/project/interface/ale/CMakeFiles/CMakeTmp'
Building C object CMakeFiles/cmTC_d6f2e.dir/CheckFunctionExists.c.o
/usr/bin/cc    -DCHECK_FUNCTION_EXISTS=pthread_create   -o CMakeFiles/cmTC_d6f2e.dir/CheckFunctionExists.c.o   -c /usr/share/cmake-3.6/Modules/CheckFunctionExists.c
Linking C executable cmTC_d6f2e
/usr/bin/cmake -E cmake_link_script CMakeFiles/cmTC_d6f2e.dir/link.txt --verbose=1
/usr/bin/cc   -DCHECK_FUNCTION_EXISTS=pthread_create    CMakeFiles/cmTC_d6f2e.dir/CheckFunctionExists.c.o  -o cmTC_d6f2e -rdynamic -lpthreads 
/usr/bin/ld: cannot find -lpthreads
collect2: error: ld returned 1 exit status
make[1]: *** [CMakeFiles/cmTC_d6f2e.dir/build.make:98: cmTC_d6f2e] Error 1
make[1]: Leaving directory '/home/moonblade/workspace/project/interface/ale/CMakeFiles/CMakeTmp'
make: *** [Makefile:126: cmTC_d6f2e/fast] Error 2


